0 info it worked if it ends with ok
1 verbose cli [ 'node', '/usr/local/bin/npm', 'start' ]
2 info using npm@2.11.2
3 info using node@v0.12.0
4 verbose run-script [ 'prestart', 'start', 'poststart' ]
5 info prestart quiz@0.0.0
6 info start quiz@0.0.0
7 verbose unsafe-perm in lifecycle true
8 info quiz@0.0.0 Failed to exec start script
9 verbose stack Error: quiz@0.0.0 start: `nodejs ./bin/www`
9 verbose stack Exit status 8
9 verbose stack     at EventEmitter.<anonymous> (/usr/local/lib/node_modules/npm/lib/utils/lifecycle.js:213:16)
9 verbose stack     at EventEmitter.emit (events.js:110:17)
9 verbose stack     at ChildProcess.<anonymous> (/usr/local/lib/node_modules/npm/lib/utils/spawn.js:24:14)
9 verbose stack     at ChildProcess.emit (events.js:110:17)
9 verbose stack     at maybeClose (child_process.js:1008:16)
9 verbose stack     at Process.ChildProcess._handle.onexit (child_process.js:1080:5)
10 verbose pkgid quiz@0.0.0
11 verbose cwd /var/www/serv/quiz
12 error Linux 4.0.6-040006-lowlatency
13 error argv "node" "/usr/local/bin/npm" "start"
14 error node v0.12.0
15 error npm  v2.11.2
16 error code ELIFECYCLE
17 error quiz@0.0.0 start: `nodejs ./bin/www`
17 error Exit status 8
18 error Failed at the quiz@0.0.0 start script 'nodejs ./bin/www'.
18 error This is most likely a problem with the quiz package,
18 error not with npm itself.
18 error Tell the author that this fails on your system:
18 error     nodejs ./bin/www
18 error You can get their info via:
18 error     npm owner ls quiz
18 error There is likely additional logging output above.
19 verbose exit [ 1, true ]
